<?xml version="1.0" encoding="UTF-8"?>
<!-- Generated by org.testng.reporters.JUnitXMLReporter -->
<testsuite ignored="0" hostname="DESKTOP-B5Q61KA" failures="0" tests="3" name="Default test" time="31.431" errors="0" timestamp="2024-06-15T21:06:16 IST">
  <testcase classname="Anywhere.Testng_allLinks" name="verifyProductsLinkNavigation" time="12.378"/>
  <testcase classname="Anywhere.Testng_allLinks" name="verifySolutionsLinkNavigation" time="9.451"/>
  <testcase classname="Anywhere.Testng_allLinks" name="verifyResourcesLinkNavigation" time="6.237"/>
</testsuite> <!-- Default test -->
