<?xml version="1.0" encoding="UTF-8"?>
<testng-results ignored="0" total="3" passed="3" failed="0" skipped="0">
  <reporter-output>
  </reporter-output>
  <suite started-at="2024-06-15T21:05:45 IST" name="Default suite" finished-at="2024-06-15T21:06:16 IST" duration-ms="31431">
    <groups>
    </groups>
    <test started-at="2024-06-15T21:05:45 IST" name="Default test" finished-at="2024-06-15T21:06:16 IST" duration-ms="31431">
      <class name="Anywhere.Testng_allLinks">
        <test-method is-config="true" signature="setUp()[pri:0, instance:Anywhere.Testng_allLinks@7f6f61c8]" started-at="2024-06-15T21:05:45 IST" name="setUp" finished-at="2024-06-15T21:05:47 IST" duration-ms="2817" status="PASS">
          <reporter-output>
          </reporter-output>
        </test-method> <!-- setUp -->
        <test-method signature="verifyProductsLinkNavigation()[pri:1, instance:Anywhere.Testng_allLinks@7f6f61c8]" started-at="2024-06-15T21:05:48 IST" name="verifyProductsLinkNavigation" finished-at="2024-06-15T21:06:00 IST" duration-ms="12378" status="PASS">
          <reporter-output>
          </reporter-output>
        </test-method> <!-- verifyProductsLinkNavigation -->
        <test-method signature="verifySolutionsLinkNavigation()[pri:2, instance:Anywhere.Testng_allLinks@7f6f61c8]" started-at="2024-06-15T21:06:00 IST" name="verifySolutionsLinkNavigation" finished-at="2024-06-15T21:06:09 IST" duration-ms="9451" status="PASS">
          <reporter-output>
          </reporter-output>
        </test-method> <!-- verifySolutionsLinkNavigation -->
        <test-method signature="verifyResourcesLinkNavigation()[pri:3, instance:Anywhere.Testng_allLinks@7f6f61c8]" started-at="2024-06-15T21:06:09 IST" name="verifyResourcesLinkNavigation" finished-at="2024-06-15T21:06:16 IST" duration-ms="6237" status="PASS">
          <reporter-output>
          </reporter-output>
        </test-method> <!-- verifyResourcesLinkNavigation -->
        <test-method is-config="true" signature="tearDown()[pri:0, instance:Anywhere.Testng_allLinks@7f6f61c8]" started-at="2024-06-15T21:06:16 IST" name="tearDown" finished-at="2024-06-15T21:06:16 IST" duration-ms="469" status="PASS">
          <reporter-output>
          </reporter-output>
        </test-method> <!-- tearDown -->
      </class> <!-- Anywhere.Testng_allLinks -->
    </test> <!-- Default test -->
  </suite> <!-- Default suite -->
</testng-results>
